{"uuid":"0973301d-0af5-479e-b6e8-b63415e937fa","historyId":"95f7995442041a0e9e96c3275cb17447","testCaseId":"[engine:junit-jupiter]/[class:com.example.uitesting.PatientTest]/[method:visitsEditWorks()]","testCaseName":"visitsEditWorks()","fullName":"com.example.uitesting.PatientTest.visitsEditWorks","labels":[{"name":"junit.platform.uniqueid","value":"[engine:junit-jupiter]/[class:com.example.uitesting.PatientTest]/[method:visitsEditWorks()]"},{"name":"host","value":"ScR4PP-PC"},{"name":"thread","value":"6352@ScR4PP-PC.main(1)"},{"name":"framework","value":"junit-platform"},{"name":"language","value":"java"},{"name":"package","value":"com.example.uitesting.PatientTest"},{"name":"testClass","value":"com.example.uitesting.PatientTest"},{"name":"testMethod","value":"visitsEditWorks"},{"name":"suite","value":"com.example.uitesting.PatientTest"}],"links":[],"name":"visitsEditWorks()","status":"failed","statusDetails":{"known":false,"muted":false,"flaky":false,"message":"Alert not found\r\nScreenshot: file:/E:/Python/TestingProject/UITesting/build/reports/tests/1680172768804.0.png\r\nPage source: file:/E:/Python/TestingProject/UITesting/build/reports/tests/1680172768804.0.html\r\nTimeout: 4 s.\r\nCaused by: TimeoutException: Expected condition failed: waiting for alert to be present (tried for 4 second(s) with 200 milliseconds interval)","trace":"Alert not found\r\nScreenshot: file:/E:/Python/TestingProject/UITesting/build/reports/tests/1680172768804.0.png\r\nPage source: file:/E:/Python/TestingProject/UITesting/build/reports/tests/1680172768804.0.html\r\nTimeout: 4 s.\r\nCaused by: TimeoutException: Expected condition failed: waiting for alert to be present (tried for 4 second(s) with 200 milliseconds interval)\r\n\tat com.codeborne.selenide.SelenideTargetLocator.alertNotFoundError(SelenideTargetLocator.java:310)\r\n\tat com.codeborne.selenide.SelenideTargetLocator.alert(SelenideTargetLocator.java:185)\r\n\tat com.codeborne.selenide.SelenideTargetLocator.alert(SelenideTargetLocator.java:175)\r\n\tat com.example.uitesting.PatientTest.visitsEditWorks(PatientTest.java:660)\r\n\tat java.base/jdk.internal.reflect.DirectMethodHandleAccessor.invoke(DirectMethodHandleAccessor.java:104)\r\n\tat java.base/java.lang.reflect.Method.invoke(Method.java:578)\r\n\tat org.junit.platform.commons.util.ReflectionUtils.invokeMethod(ReflectionUtils.java:727)\r\n\tat org.junit.jupiter.engine.execution.MethodInvocation.proceed(MethodInvocation.java:60)\r\n\tat org.junit.jupiter.engine.execution.InvocationInterceptorChain$ValidatingInvocation.proceed(InvocationInterceptorChain.java:131)\r\n\tat org.junit.jupiter.engine.extension.TimeoutExtension.intercept(TimeoutExtension.java:156)\r\n\tat org.junit.jupiter.engine.extension.TimeoutExtension.interceptTestableMethod(TimeoutExtension.java:147)\r\n\tat org.junit.jupiter.engine.extension.TimeoutExtension.interceptTestMethod(TimeoutExtension.java:86)\r\n\tat org.junit.jupiter.engine.execution.InterceptingExecutableInvoker$ReflectiveInterceptorCall.lambda$ofVoidMethod$0(InterceptingExecutableInvoker.java:103)\r\n\tat org.junit.jupiter.engine.execution.InterceptingExecutableInvoker.lambda$invoke$0(InterceptingExecutableInvoker.java:93)\r\n\tat org.junit.jupiter.engine.execution.InvocationInterceptorChain$InterceptedInvocation.proceed(InvocationInterceptorChain.java:106)\r\n\tat org.junit.jupiter.engine.execution.InvocationInterceptorChain.proceed(InvocationInterceptorChain.java:64)\r\n\tat org.junit.jupiter.engine.execution.InvocationInterceptorChain.chainAndInvoke(InvocationInterceptorChain.java:45)\r\n\tat org.junit.jupiter.engine.execution.InvocationInterceptorChain.invoke(InvocationInterceptorChain.java:37)\r\n\tat org.junit.jupiter.engine.execution.InterceptingExecutableInvoker.invoke(InterceptingExecutableInvoker.java:92)\r\n\tat org.junit.jupiter.engine.execution.InterceptingExecutableInvoker.invoke(InterceptingExecutableInvoker.java:86)\r\n\tat org.junit.jupiter.engine.descriptor.TestMethodTestDescriptor.lambda$invokeTestMethod$7(TestMethodTestDescriptor.java:217)\r\n\tat org.junit.platform.engine.support.hierarchical.ThrowableCollector.execute(ThrowableCollector.java:73)\r\n\tat org.junit.jupiter.engine.descriptor.TestMethodTestDescriptor.invokeTestMethod(TestMethodTestDescriptor.java:213)\r\n\tat org.junit.jupiter.engine.descriptor.TestMethodTestDescriptor.execute(TestMethodTestDescriptor.java:138)\r\n\tat org.junit.jupiter.engine.descriptor.TestMethodTestDescriptor.execute(TestMethodTestDescriptor.java:68)\r\n\tat org.junit.platform.engine.support.hierarchical.NodeTestTask.lambda$executeRecursively$6(NodeTestTask.java:151)\r\n\tat org.junit.platform.engine.support.hierarchical.ThrowableCollector.execute(ThrowableCollector.java:73)\r\n\tat org.junit.platform.engine.support.hierarchical.NodeTestTask.lambda$executeRecursively$8(NodeTestTask.java:141)\r\n\tat org.junit.platform.engine.support.hierarchical.Node.around(Node.java:137)\r\n\tat org.junit.platform.engine.support.hierarchical.NodeTestTask.lambda$executeRecursively$9(NodeTestTask.java:139)\r\n\tat org.junit.platform.engine.support.hierarchical.ThrowableCollector.execute(ThrowableCollector.java:73)\r\n\tat org.junit.platform.engine.support.hierarchical.NodeTestTask.executeRecursively(NodeTestTask.java:138)\r\n\tat org.junit.platform.engine.support.hierarchical.NodeTestTask.execute(NodeTestTask.java:95)\r\n\tat java.base/java.util.ArrayList.forEach(ArrayList.java:1511)\r\n\tat org.junit.platform.engine.support.hierarchical.SameThreadHierarchicalTestExecutorService.invokeAll(SameThreadHierarchicalTestExecutorService.java:41)\r\n\tat org.junit.platform.engine.support.hierarchical.NodeTestTask.lambda$executeRecursively$6(NodeTestTask.java:155)\r\n\tat org.junit.platform.engine.support.hierarchical.ThrowableCollector.execute(ThrowableCollector.java:73)\r\n\tat org.junit.platform.engine.support.hierarchical.NodeTestTask.lambda$executeRecursively$8(NodeTestTask.java:141)\r\n\tat org.junit.platform.engine.support.hierarchical.Node.around(Node.java:137)\r\n\tat org.junit.platform.engine.support.hierarchical.NodeTestTask.lambda$executeRecursively$9(NodeTestTask.java:139)\r\n\tat org.junit.platform.engine.support.hierarchical.ThrowableCollector.execute(ThrowableCollector.java:73)\r\n\tat org.junit.platform.engine.support.hierarchical.NodeTestTask.executeRecursively(NodeTestTask.java:138)\r\n\tat org.junit.platform.engine.support.hierarchical.NodeTestTask.execute(NodeTestTask.java:95)\r\n\tat java.base/java.util.ArrayList.forEach(ArrayList.java:1511)\r\n\tat org.junit.platform.engine.support.hierarchical.SameThreadHierarchicalTestExecutorService.invokeAll(SameThreadHierarchicalTestExecutorService.java:41)\r\n\tat org.junit.platform.engine.support.hierarchical.NodeTestTask.lambda$executeRecursively$6(NodeTestTask.java:155)\r\n\tat org.junit.platform.engine.support.hierarchical.ThrowableCollector.execute(ThrowableCollector.java:73)\r\n\tat org.junit.platform.engine.support.hierarchical.NodeTestTask.lambda$executeRecursively$8(NodeTestTask.java:141)\r\n\tat org.junit.platform.engine.support.hierarchical.Node.around(Node.java:137)\r\n\tat org.junit.platform.engine.support.hierarchical.NodeTestTask.lambda$executeRecursively$9(NodeTestTask.java:139)\r\n\tat org.junit.platform.engine.support.hierarchical.ThrowableCollector.execute(ThrowableCollector.java:73)\r\n\tat org.junit.platform.engine.support.hierarchical.NodeTestTask.executeRecursively(NodeTestTask.java:138)\r\n\tat org.junit.platform.engine.support.hierarchical.NodeTestTask.execute(NodeTestTask.java:95)\r\n\tat org.junit.platform.engine.support.hierarchical.SameThreadHierarchicalTestExecutorService.submit(SameThreadHierarchicalTestExecutorService.java:35)\r\n\tat org.junit.platform.engine.support.hierarchical.HierarchicalTestExecutor.execute(HierarchicalTestExecutor.java:57)\r\n\tat org.junit.platform.engine.support.hierarchical.HierarchicalTestEngine.execute(HierarchicalTestEngine.java:54)\r\n\tat org.junit.platform.launcher.core.EngineExecutionOrchestrator.execute(EngineExecutionOrchestrator.java:107)\r\n\tat org.junit.platform.launcher.core.EngineExecutionOrchestrator.execute(EngineExecutionOrchestrator.java:88)\r\n\tat org.junit.platform.launcher.core.EngineExecutionOrchestrator.lambda$execute$0(EngineExecutionOrchestrator.java:54)\r\n\tat org.junit.platform.launcher.core.EngineExecutionOrchestrator.withInterceptedStreams(EngineExecutionOrchestrator.java:67)\r\n\tat org.junit.platform.launcher.core.EngineExecutionOrchestrator.execute(EngineExecutionOrchestrator.java:52)\r\n\tat org.junit.platform.launcher.core.DefaultLauncher.execute(DefaultLauncher.java:114)\r\n\tat org.junit.platform.launcher.core.DefaultLauncher.execute(DefaultLauncher.java:86)\r\n\tat org.junit.platform.launcher.core.DefaultLauncherSession$DelegatingLauncher.execute(DefaultLauncherSession.java:86)\r\n\tat org.junit.platform.launcher.core.SessionPerRequestLauncher.execute(SessionPerRequestLauncher.java:53)\r\n\tat com.intellij.junit5.JUnit5IdeaTestRunner.startRunnerWithArgs(JUnit5IdeaTestRunner.java:57)\r\n\tat com.intellij.rt.junit.IdeaTestRunner$Repeater$1.execute(IdeaTestRunner.java:38)\r\n\tat com.intellij.rt.execution.junit.TestsRepeater.repeat(TestsRepeater.java:11)\r\n\tat com.intellij.rt.junit.IdeaTestRunner$Repeater.startRunnerWithArgs(IdeaTestRunner.java:35)\r\n\tat com.intellij.rt.junit.JUnitStarter.prepareStreamsAndStart(JUnitStarter.java:232)\r\n\tat com.intellij.rt.junit.JUnitStarter.main(JUnitStarter.java:55)\r\nCaused by: org.openqa.selenium.TimeoutException: Expected condition failed: waiting for alert to be present (tried for 4 second(s) with 200 milliseconds interval)\nBuild info: version: '4.6.0', revision: '79f1c02ae20'\nSystem info: os.name: 'Windows 11', os.arch: 'amd64', os.version: '10.0', java.version: '19.0.2'\nDriver info: driver.version: unknown\r\n\tat org.openqa.selenium.support.ui.FluentWait.timeoutException(FluentWait.java:263)\r\n\tat org.openqa.selenium.support.ui.FluentWait.until(FluentWait.java:231)\r\n\tat com.codeborne.selenide.SelenideTargetLocator.alert(SelenideTargetLocator.java:182)\r\n\t... 69 more\r\n"},"stage":"finished","description":"","steps":[{"name":"$(\"open\") https://retention-csb-test.biomed.ntua.gr/builder;patientId=67","status":"passed","stage":"finished","steps":[{"name":"$(\"webdriver\") create()","status":"passed","stage":"finished","steps":[],"attachments":[],"parameters":[],"start":1680172751170,"stop":1680172755070}],"attachments":[],"parameters":[],"start":1680172751167,"stop":1680172757925},{"name":"$(\"input[id='username']\") set value(dev)","status":"passed","stage":"finished","steps":[],"attachments":[],"parameters":[],"start":1680172757950,"stop":1680172758067},{"name":"$(\"input[id='password']\") set value(qwer1234)","status":"passed","stage":"finished","steps":[],"attachments":[],"parameters":[],"start":1680172758068,"stop":1680172758115},{"name":"$(\"input[id='kc-login']\") click()","status":"passed","stage":"finished","steps":[],"attachments":[],"parameters":[],"start":1680172758115,"stop":1680172758546},{"name":"$(\"button[id='monitoring']\") click()","status":"passed","stage":"finished","steps":[],"attachments":[],"parameters":[],"start":1680172762555,"stop":1680172762881},{"name":"$(\"html > body > app-layout > div > div > div > div > div > app-content > app-builder > div:nth-of-type(3) > div:nth-of-type(1) > ul > li:nth-of-type(2) > a\") click()","status":"passed","stage":"finished","steps":[],"attachments":[],"parameters":[],"start":1680172762881,"stop":1680172763120},{"name":"$(\"html > body > app-layout > div > div > div > div > div > app-content > app-builder > div:nth-of-type(3) > div:nth-of-type(2) > div > div:nth-of-type(6) > div > app-vn > div > div > div > table > tbody > tr:nth-of-type(1) > td:nth-of-type(4) > button:nth-of-type(1) > span:nth-of-type(1) > mat-icon\") click()","status":"passed","stage":"finished","steps":[],"attachments":[],"parameters":[],"start":1680172763135,"stop":1680172763663},{"name":"$(\"html > body > div:nth-of-type(3) > div:nth-of-type(2) > div > mat-dialog-container > app-dialog-vn > div:nth-of-type(1) > form > mat-form-field:nth-of-type(1) > div > div:nth-of-type(1) > div:nth-of-type(3) > input\") set value(\"02.07.2000\" (feat. JS))","status":"passed","stage":"finished","steps":[],"attachments":[],"parameters":[],"start":1680172763664,"stop":1680172763712},{"name":"$(\"html > body > div:nth-of-type(3) > div:nth-of-type(2) > div > mat-dialog-container > app-dialog-vn > div:nth-of-type(1) > form > mat-form-field:nth-of-type(2) > div > div:nth-of-type(1) > div:nth-of-type(3) > mat-select > div > div:nth-of-type(1) > span\") click()","status":"passed","stage":"finished","steps":[],"attachments":[],"parameters":[],"start":1680172763712,"stop":1680172764445},{"name":"$(\"html > body > div:nth-of-type(3) > div:nth-of-type(4) > div > div > div > mat-option:nth-of-type(1) > span\") click()","status":"passed","stage":"finished","steps":[],"attachments":[],"parameters":[],"start":1680172764445,"stop":1680172764690}],"attachments":[],"parameters":[],"start":1680172751092,"stop":1680172768996}